{"name": "test_MemberClander", "status": "broken", "statusDetails": {"message": "selenium.common.exceptions.NoSuchElementException: Message: no such element: Unable to locate element: {\"method\":\"xpath\",\"selector\":\"/html/body/div[1]/div/div/main/div/div[2]/div/div/div/form/label[4]/div/div[1]/div[1]/i\"}\n  (Session info: chrome=108.0.5359.72)\nStacktrace:\nBacktrace:\n\t(No symbol) [0x00BAF243]\n\t(No symbol) [0x00B37FD1]\n\t(No symbol) [0x00A2D04D]\n\t(No symbol) [0x00A5C0B0]\n\t(No symbol) [0x00A5C22B]\n\t(No symbol) [0x00A8E612]\n\t(No symbol) [0x00A785D4]\n\t(No symbol) [0x00A8C9EB]\n\t(No symbol) [0x00A78386]\n\t(No symbol) [0x00A5163C]\n\t(No symbol) [0x00A5269D]\n\tGetHandleVerifier [0x00E49A22+2655074]\n\tGetHandleVerifier [0x00E3CA24+2601828]\n\tGetHandleVerifier [0x00C58C0A+619850]\n\tGetHandleVerifier [0x00C57830+614768]\n\t(No symbol) [0x00B405FC]\n\t(No symbol) [0x00B45968]\n\t(No symbol) [0x00B45A55]\n\t(No symbol) [0x00B5051B]\n\tBaseThreadInitThunk [0x7584FEF9+25]\n\tRtlGetAppContainerNamedObjectPath [0x76F27BBE+286]\n\tRtlGetAppContainerNamedObjectPath [0x76F27B8E+238]", "trace": "@allure.story('選擇日期')\n    @pytest.mark.run(order=9)\n    def test_MemberClander():\n            #打開日歷\n>           driver.find_element(By.XPATH,'/html/body/div[1]/div/div/main/div/div[2]/div/div/div/form/label[4]/div/div[1]/div[1]/i').click()\n\nSSO_Line_test.py:114: \n_ _ _ _ _ _ _ _ _ _ _ _ _ _ _ _ _ _ _ _ _ _ _ _ _ _ _ _ _ _ _ _ _ _ _ _ _ _ _ _ _ _ _ _ _ _ _ _ _ _ _ _ _ _ _ _ _ _ _ _ _ _ _ _ _ _ _ _ _ _ _ _ _ _ _ _ _ _ _ _ _ _ _ _ _ _ _ _ _ _ _ _ _ _ _ _ _ _ _ _ _ _ _ _ _ _ _ _ _ _ _ _ \n..\\..\\AppData\\Local\\Programs\\Python\\Python310\\lib\\site-packages\\selenium\\webdriver\\remote\\webdriver.py:861: in find_element\n    return self.execute(Command.FIND_ELEMENT, {\"using\": by, \"value\": value})[\"value\"]\n..\\..\\AppData\\Local\\Programs\\Python\\Python310\\lib\\site-packages\\selenium\\webdriver\\remote\\webdriver.py:444: in execute\n    self.error_handler.check_response(response)\n_ _ _ _ _ _ _ _ _ _ _ _ _ _ _ _ _ _ _ _ _ _ _ _ _ _ _ _ _ _ _ _ _ _ _ _ _ _ _ _ _ _ _ _ _ _ _ _ _ _ _ _ _ _ _ _ _ _ _ _ _ _ _ _ _ _ _ _ _ _ _ _ _ _ _ _ _ _ _ _ _ _ _ _ _ _ _ _ _ _ _ _ _ _ _ _ _ _ _ _ _ _ _ _ _ _ _ _ _ _ _ _ \n\nself = <selenium.webdriver.remote.errorhandler.ErrorHandler object at 0x00000172A3B6C370>\nresponse = {'status': 404, 'value': '{\"value\":{\"error\":\"no such element\",\"message\":\"no such element: Unable to locate element: {\\...\\n\\\\tRtlGetAppContainerNamedObjectPath [0x76F27BBE+286]\\\\n\\\\tRtlGetAppContainerNamedObjectPath [0x76F27B8E+238]\\\\n\"}}'}\n\n    def check_response(self, response: Dict[str, Any]) -> None:\n        \"\"\"\n        Checks that a JSON response from the WebDriver does not have an error.\n    \n        :Args:\n         - response - The JSON response from the WebDriver server as a dictionary\n           object.\n    \n        :Raises: If the response contains an error message.\n        \"\"\"\n        status = response.get(\"status\", None)\n        if not status or status == ErrorCode.SUCCESS:\n            return\n        value = None\n        message = response.get(\"message\", \"\")\n        screen: str = response.get(\"screen\", \"\")\n        stacktrace = None\n        if isinstance(status, int):\n            value_json = response.get(\"value\", None)\n            if value_json and isinstance(value_json, str):\n                import json\n    \n                try:\n                    value = json.loads(value_json)\n                    if len(value.keys()) == 1:\n                        value = value[\"value\"]\n                    status = value.get(\"error\", None)\n                    if not status:\n                        status = value.get(\"status\", ErrorCode.UNKNOWN_ERROR)\n                        message = value.get(\"value\") or value.get(\"message\")\n                        if not isinstance(message, str):\n                            value = message\n                            message = message.get(\"message\")\n                    else:\n                        message = value.get(\"message\", None)\n                except ValueError:\n                    pass\n    \n        exception_class: Type[WebDriverException]\n        if status in ErrorCode.NO_SUCH_ELEMENT:\n            exception_class = NoSuchElementException\n        elif status in ErrorCode.NO_SUCH_FRAME:\n            exception_class = NoSuchFrameException\n        elif status in ErrorCode.NO_SUCH_SHADOW_ROOT:\n            exception_class = NoSuchShadowRootException\n        elif status in ErrorCode.NO_SUCH_WINDOW:\n            exception_class = NoSuchWindowException\n        elif status in ErrorCode.STALE_ELEMENT_REFERENCE:\n            exception_class = StaleElementReferenceException\n        elif status in ErrorCode.ELEMENT_NOT_VISIBLE:\n            exception_class = ElementNotVisibleException\n        elif status in ErrorCode.INVALID_ELEMENT_STATE:\n            exception_class = InvalidElementStateException\n        elif (\n            status in ErrorCode.INVALID_SELECTOR\n            or status in ErrorCode.INVALID_XPATH_SELECTOR\n            or status in ErrorCode.INVALID_XPATH_SELECTOR_RETURN_TYPER\n        ):\n            exception_class = InvalidSelectorException\n        elif status in ErrorCode.ELEMENT_IS_NOT_SELECTABLE:\n            exception_class = ElementNotSelectableException\n        elif status in ErrorCode.ELEMENT_NOT_INTERACTABLE:\n            exception_class = ElementNotInteractableException\n        elif status in ErrorCode.INVALID_COOKIE_DOMAIN:\n            exception_class = InvalidCookieDomainException\n        elif status in ErrorCode.UNABLE_TO_SET_COOKIE:\n            exception_class = UnableToSetCookieException\n        elif status in ErrorCode.TIMEOUT:\n            exception_class = TimeoutException\n        elif status in ErrorCode.SCRIPT_TIMEOUT:\n            exception_class = TimeoutException\n        elif status in ErrorCode.UNKNOWN_ERROR:\n            exception_class = WebDriverException\n        elif status in ErrorCode.UNEXPECTED_ALERT_OPEN:\n            exception_class = UnexpectedAlertPresentException\n        elif status in ErrorCode.NO_ALERT_OPEN:\n            exception_class = NoAlertPresentException\n        elif status in ErrorCode.IME_NOT_AVAILABLE:\n            exception_class = ImeNotAvailableException\n        elif status in ErrorCode.IME_ENGINE_ACTIVATION_FAILED:\n            exception_class = ImeActivationFailedException\n        elif status in ErrorCode.MOVE_TARGET_OUT_OF_BOUNDS:\n            exception_class = MoveTargetOutOfBoundsException\n        elif status in ErrorCode.JAVASCRIPT_ERROR:\n            exception_class = JavascriptException\n        elif status in ErrorCode.SESSION_NOT_CREATED:\n            exception_class = SessionNotCreatedException\n        elif status in ErrorCode.INVALID_ARGUMENT:\n            exception_class = InvalidArgumentException\n        elif status in ErrorCode.NO_SUCH_COOKIE:\n            exception_class = NoSuchCookieException\n        elif status in ErrorCode.UNABLE_TO_CAPTURE_SCREEN:\n            exception_class = ScreenshotException\n        elif status in ErrorCode.ELEMENT_CLICK_INTERCEPTED:\n            exception_class = ElementClickInterceptedException\n        elif status in ErrorCode.INSECURE_CERTIFICATE:\n            exception_class = InsecureCertificateException\n        elif status in ErrorCode.INVALID_COORDINATES:\n            exception_class = InvalidCoordinatesException\n        elif status in ErrorCode.INVALID_SESSION_ID:\n            exception_class = InvalidSessionIdException\n        elif status in ErrorCode.UNKNOWN_METHOD:\n            exception_class = UnknownMethodException\n        else:\n            exception_class = WebDriverException\n        if not value:\n            value = response[\"value\"]\n        if isinstance(value, str):\n            raise exception_class(value)\n        if message == \"\" and \"message\" in value:\n            message = value[\"message\"]\n    \n        screen = None  # type: ignore[assignment]\n        if \"screen\" in value:\n            screen = value[\"screen\"]\n    \n        stacktrace = None\n        st_value = value.get(\"stackTrace\") or value.get(\"stacktrace\")\n        if st_value:\n            if isinstance(st_value, str):\n                stacktrace = st_value.split(\"\\n\")\n            else:\n                stacktrace = []\n                try:\n                    for frame in st_value:\n                        line = frame.get(\"lineNumber\", \"\")\n                        file = frame.get(\"fileName\", \"<anonymous>\")\n                        if line:\n                            file = f\"{file}:{line}\"\n                        meth = frame.get(\"methodName\", \"<anonymous>\")\n                        if \"className\" in frame:\n                            meth = \"{}.{}\".format(frame[\"className\"], meth)\n                        msg = \"    at %s (%s)\"\n                        msg = msg % (meth, file)\n                        stacktrace.append(msg)\n                except TypeError:\n                    pass\n        if exception_class == UnexpectedAlertPresentException:\n            alert_text = None\n            if \"data\" in value:\n                alert_text = value[\"data\"].get(\"text\")\n            elif \"alert\" in value:\n                alert_text = value[\"alert\"].get(\"text\")\n            raise exception_class(message, screen, stacktrace, alert_text)  # type: ignore[call-arg]  # mypy is not smart enough here\n>       raise exception_class(message, screen, stacktrace)\nE       selenium.common.exceptions.NoSuchElementException: Message: no such element: Unable to locate element: {\"method\":\"xpath\",\"selector\":\"/html/body/div[1]/div/div/main/div/div[2]/div/div/div/form/label[4]/div/div[1]/div[1]/i\"}\nE         (Session info: chrome=108.0.5359.72)\nE       Stacktrace:\nE       Backtrace:\nE       \t(No symbol) [0x00BAF243]\nE       \t(No symbol) [0x00B37FD1]\nE       \t(No symbol) [0x00A2D04D]\nE       \t(No symbol) [0x00A5C0B0]\nE       \t(No symbol) [0x00A5C22B]\nE       \t(No symbol) [0x00A8E612]\nE       \t(No symbol) [0x00A785D4]\nE       \t(No symbol) [0x00A8C9EB]\nE       \t(No symbol) [0x00A78386]\nE       \t(No symbol) [0x00A5163C]\nE       \t(No symbol) [0x00A5269D]\nE       \tGetHandleVerifier [0x00E49A22+2655074]\nE       \tGetHandleVerifier [0x00E3CA24+2601828]\nE       \tGetHandleVerifier [0x00C58C0A+619850]\nE       \tGetHandleVerifier [0x00C57830+614768]\nE       \t(No symbol) [0x00B405FC]\nE       \t(No symbol) [0x00B45968]\nE       \t(No symbol) [0x00B45A55]\nE       \t(No symbol) [0x00B5051B]\nE       \tBaseThreadInitThunk [0x7584FEF9+25]\nE       \tRtlGetAppContainerNamedObjectPath [0x76F27BBE+286]\nE       \tRtlGetAppContainerNamedObjectPath [0x76F27B8E+238]\n\n..\\..\\AppData\\Local\\Programs\\Python\\Python310\\lib\\site-packages\\selenium\\webdriver\\remote\\errorhandler.py:249: NoSuchElementException"}, "start": 1669949787678, "stop": 1669949787690, "uuid": "35bf3f12-784f-43c1-a2fc-4d00a734d8c6", "historyId": "fa6caecd6c2f607a091c0e5ee6bf7e08", "testCaseId": "73dfa98771940e84575b866779fa774f", "fullName": "SSO_Line_test#test_MemberClander", "labels": [{"name": "story", "value": "選擇日期"}, {"name": "tag", "value": "run(order=9)"}, {"name": "suite", "value": "SSO_Line_test"}, {"name": "host", "value": "C010700042"}, {"name": "thread", "value": "10760-MainThread"}, {"name": "framework", "value": "pytest"}, {"name": "language", "value": "cpython3"}, {"name": "package", "value": "SSO_Line_test"}]}