{"name": "test_checkMemberBargain", "status": "broken", "statusDetails": {"message": "selenium.common.exceptions.TimeoutException: Message: \nStacktrace:\nBacktrace:\n\t(No symbol) [0x0105F243]\n\t(No symbol) [0x00FE7FD1]\n\t(No symbol) [0x00EDD04D]\n\t(No symbol) [0x00F0C0B0]\n\t(No symbol) [0x00F0C22B]\n\t(No symbol) [0x00F3E612]\n\t(No symbol) [0x00F285D4]\n\t(No symbol) [0x00F3C9EB]\n\t(No symbol) [0x00F28386]\n\t(No symbol) [0x00F0163C]\n\t(No symbol) [0x00F0269D]\n\tGetHandleVerifier [0x012F9A22+2655074]\n\tGetHandleVerifier [0x012ECA24+2601828]\n\tGetHandleVerifier [0x01108C0A+619850]\n\tGetHandleVerifier [0x01107830+614768]\n\t(No symbol) [0x00FF05FC]\n\t(No symbol) [0x00FF5968]\n\t(No symbol) [0x00FF5A55]\n\t(No symbol) [0x0100051B]\n\tBaseThreadInitThunk [0x7584FEF9+25]\n\tRtlGetAppContainerNamedObjectPath [0x76F27BBE+286]\n\tRtlGetAppContainerNamedObjectPath [0x76F27B8E+238]", "trace": "@allure.story('嚴謹條款確認')\n    @pytest.mark.run(order=7)\n    def test_checkMemberBargain():\n    \n            #移動至底部\n            driver.execute_script(\"window.scrollTo(0, document.body.scrollHeight);\")\n            time.sleep(10)\n            #qusar動態套件點選方法\n>           WebDriverWait(driver, 10).until(EC.presence_of_element_located((By.XPATH, \"/html/body/div[1]/div/footer/div[1]/div[1]/div[2]\")))\n\nSSSO_login_test.py:116: \n_ _ _ _ _ _ _ _ _ _ _ _ _ _ _ _ _ _ _ _ _ _ _ _ _ _ _ _ _ _ _ _ _ _ _ _ _ _ _ _\n\nself = <selenium.webdriver.support.wait.WebDriverWait (session=\"9e805a3728823940e349ae94669a0db0\")>\nmethod = <function presence_of_element_located.<locals>._predicate at 0x0000024DA4CDDBD0>\nmessage = ''\n\n    def until(self, method, message: str = \"\"):\n        \"\"\"Calls the method provided with the driver as an argument until the \\\n        return value does not evaluate to ``False``.\n    \n        :param method: callable(WebDriver)\n        :param message: optional message for :exc:`TimeoutException`\n        :returns: the result of the last call to `method`\n        :raises: :exc:`selenium.common.exceptions.TimeoutException` if timeout occurs\n        \"\"\"\n        screen = None\n        stacktrace = None\n    \n        end_time = time.monotonic() + self._timeout\n        while True:\n            try:\n                value = method(self._driver)\n                if value:\n                    return value\n            except self._ignored_exceptions as exc:\n                screen = getattr(exc, \"screen\", None)\n                stacktrace = getattr(exc, \"stacktrace\", None)\n            time.sleep(self._poll)\n            if time.monotonic() > end_time:\n                break\n>       raise TimeoutException(message, screen, stacktrace)\nE       selenium.common.exceptions.TimeoutException: Message: \nE       Stacktrace:\nE       Backtrace:\nE       \t(No symbol) [0x0105F243]\nE       \t(No symbol) [0x00FE7FD1]\nE       \t(No symbol) [0x00EDD04D]\nE       \t(No symbol) [0x00F0C0B0]\nE       \t(No symbol) [0x00F0C22B]\nE       \t(No symbol) [0x00F3E612]\nE       \t(No symbol) [0x00F285D4]\nE       \t(No symbol) [0x00F3C9EB]\nE       \t(No symbol) [0x00F28386]\nE       \t(No symbol) [0x00F0163C]\nE       \t(No symbol) [0x00F0269D]\nE       \tGetHandleVerifier [0x012F9A22+2655074]\nE       \tGetHandleVerifier [0x012ECA24+2601828]\nE       \tGetHandleVerifier [0x01108C0A+619850]\nE       \tGetHandleVerifier [0x01107830+614768]\nE       \t(No symbol) [0x00FF05FC]\nE       \t(No symbol) [0x00FF5968]\nE       \t(No symbol) [0x00FF5A55]\nE       \t(No symbol) [0x0100051B]\nE       \tBaseThreadInitThunk [0x7584FEF9+25]\nE       \tRtlGetAppContainerNamedObjectPath [0x76F27BBE+286]\nE       \tRtlGetAppContainerNamedObjectPath [0x76F27B8E+238]\n\n..\\..\\AppData\\Local\\Programs\\Python\\Python310\\lib\\site-packages\\selenium\\webdriver\\support\\wait.py:95: TimeoutException"}, "start": 1670119291837, "stop": 1670119312230, "uuid": "e4ee4709-f2c8-4810-a4b6-3b2a1dc6d201", "historyId": "5fa90ca6971759ed88ca4b101dd31e83", "testCaseId": "c28094771065209b812b6ff5b5218b69", "fullName": "SSSO_login_test#test_checkMemberBargain", "labels": [{"name": "story", "value": "嚴謹條款確認"}, {"name": "tag", "value": "run(order=7)"}, {"name": "suite", "value": "SSSO_login_test"}, {"name": "host", "value": "C010700042"}, {"name": "thread", "value": "24104-MainThread"}, {"name": "framework", "value": "pytest"}, {"name": "language", "value": "cpython3"}, {"name": "package", "value": "SSSO_login_test"}]}