{"name": "test_checkMemberBargain", "status": "broken", "statusDetails": {"message": "selenium.common.exceptions.TimeoutException: Message: \nStacktrace:\nBacktrace:\n\tOrdinal0 [0x00ED1ED3+2236115]\n\tOrdinal0 [0x00E692F1+1807089]\n\tOrdinal0 [0x00D766FD+812797]\n\tOrdinal0 [0x00DA55DF+1005023]\n\tOrdinal0 [0x00DA57CB+1005515]\n\tOrdinal0 [0x00DD7632+1209906]\n\tOrdinal0 [0x00DC1AD4+1120980]\n\tOrdinal0 [0x00DD59E2+1202658]\n\tOrdinal0 [0x00DC18A6+1120422]\n\tOrdinal0 [0x00D9A73D+960317]\n\tOrdinal0 [0x00D9B71F+964383]\n\tGetHandleVerifier [0x0117E7E2+2743074]\n\tGetHandleVerifier [0x011708D4+2685972]\n\tGetHandleVerifier [0x00F62BAA+532202]\n\tGetHandleVerifier [0x00F61990+527568]\n\tOrdinal0 [0x00E7080C+1837068]\n\tOrdinal0 [0x00E74CD8+1854680]\n\tOrdinal0 [0x00E74DC5+1854917]\n\tOrdinal0 [0x00E7ED64+1895780]\n\tBaseThreadInitThunk [0x7708FA29+25]\n\tRtlGetAppContainerNamedObjectPath [0x77A77BBE+286]\n\tRtlGetAppContainerNamedObjectPath [0x77A77B8E+238]", "trace": "@allure.story('嚴謹條款確認')\n    @pytest.mark.run(order=7)\n    def test_checkMemberBargain():\n    \n            #移動至底部\n            driver.execute_script(\"window.scrollTo(0, document.body.scrollHeight);\")\n            time.sleep(10)\n            #qusar動態套件點選方法\n>           WebDriverWait(driver, 10).until(EC.presence_of_element_located((By.XPATH, \"/html/body/div[1]/div/footer/div[1]/div[1]/div[2]\")))\n\nSSSO_login_test.py:115: \n_ _ _ _ _ _ _ _ _ _ _ _ _ _ _ _ _ _ _ _ _ _ _ _ _ _ _ _ _ _ _ _ _ _ _ _ _ _ _ _\n\nself = <selenium.webdriver.support.wait.WebDriverWait (session=\"fc8b642620da7e652624b3b8b745c436\")>\nmethod = <function presence_of_element_located.<locals>._predicate at 0x00000161BF3B88B0>\nmessage = ''\n\n    def until(self, method, message: str = \"\"):\n        \"\"\"Calls the method provided with the driver as an argument until the \\\n        return value does not evaluate to ``False``.\n    \n        :param method: callable(WebDriver)\n        :param message: optional message for :exc:`TimeoutException`\n        :returns: the result of the last call to `method`\n        :raises: :exc:`selenium.common.exceptions.TimeoutException` if timeout occurs\n        \"\"\"\n        screen = None\n        stacktrace = None\n    \n        end_time = time.monotonic() + self._timeout\n        while True:\n            try:\n                value = method(self._driver)\n                if value:\n                    return value\n            except self._ignored_exceptions as exc:\n                screen = getattr(exc, 'screen', None)\n                stacktrace = getattr(exc, 'stacktrace', None)\n            time.sleep(self._poll)\n            if time.monotonic() > end_time:\n                break\n>       raise TimeoutException(message, screen, stacktrace)\nE       selenium.common.exceptions.TimeoutException: Message: \nE       Stacktrace:\nE       Backtrace:\nE       \tOrdinal0 [0x00ED1ED3+2236115]\nE       \tOrdinal0 [0x00E692F1+1807089]\nE       \tOrdinal0 [0x00D766FD+812797]\nE       \tOrdinal0 [0x00DA55DF+1005023]\nE       \tOrdinal0 [0x00DA57CB+1005515]\nE       \tOrdinal0 [0x00DD7632+1209906]\nE       \tOrdinal0 [0x00DC1AD4+1120980]\nE       \tOrdinal0 [0x00DD59E2+1202658]\nE       \tOrdinal0 [0x00DC18A6+1120422]\nE       \tOrdinal0 [0x00D9A73D+960317]\nE       \tOrdinal0 [0x00D9B71F+964383]\nE       \tGetHandleVerifier [0x0117E7E2+2743074]\nE       \tGetHandleVerifier [0x011708D4+2685972]\nE       \tGetHandleVerifier [0x00F62BAA+532202]\nE       \tGetHandleVerifier [0x00F61990+527568]\nE       \tOrdinal0 [0x00E7080C+1837068]\nE       \tOrdinal0 [0x00E74CD8+1854680]\nE       \tOrdinal0 [0x00E74DC5+1854917]\nE       \tOrdinal0 [0x00E7ED64+1895780]\nE       \tBaseThreadInitThunk [0x7708FA29+25]\nE       \tRtlGetAppContainerNamedObjectPath [0x77A77BBE+286]\nE       \tRtlGetAppContainerNamedObjectPath [0x77A77B8E+238]\n\n..\\..\\AppData\\Local\\Programs\\Python\\Python310\\lib\\site-packages\\selenium\\webdriver\\support\\wait.py:90: TimeoutException"}, "start": 1669514519904, "stop": 1669514540409, "uuid": "0486a4f8-b3b1-41e3-ab8d-67c50ce5f119", "historyId": "5fa90ca6971759ed88ca4b101dd31e83", "testCaseId": "c28094771065209b812b6ff5b5218b69", "fullName": "SSSO_login_test#test_checkMemberBargain", "labels": [{"name": "story", "value": "嚴謹條款確認"}, {"name": "tag", "value": "run(order=7)"}, {"name": "suite", "value": "SSSO_login_test"}, {"name": "host", "value": "C010700042"}, {"name": "thread", "value": "25672-MainThread"}, {"name": "framework", "value": "pytest"}, {"name": "language", "value": "cpython3"}, {"name": "package", "value": "SSSO_login_test"}]}