{
  "uid" : "d22f924a9c7ec4dc",
  "name" : "test_prfile",
  "fullName" : "app_test#test_prfile",
  "historyId" : "6740ef498de4c5eaef418ba447c9b3f2",
  "time" : {
    "start" : 1670207286048,
    "stop" : 1670207300958,
    "duration" : 14910
  },
  "status" : "passed",
  "flaky" : false,
  "newFailed" : false,
  "beforeStages" : [ {
    "name" : "_xunit_setup_module_fixture_app_test",
    "time" : {
      "start" : 1670207225153,
      "stop" : 1670207246883,
      "duration" : 21730
    },
    "status" : "passed",
    "steps" : [ ],
    "attachments" : [ ],
    "parameters" : [ ],
    "attachmentsCount" : 0,
    "shouldDisplayMessage" : false,
    "stepsCount" : 0,
    "hasContent" : false
  } ],
  "testStage" : {
    "status" : "passed",
    "steps" : [ ],
    "attachments" : [ {
      "uid" : "c8428bb20e7d7b01",
      "name" : "輸入電話號碼",
      "source" : "c8428bb20e7d7b01.png",
      "type" : "image/png",
      "size" : 34992
    } ],
    "parameters" : [ ],
    "attachmentsCount" : 1,
    "shouldDisplayMessage" : false,
    "stepsCount" : 0,
    "hasContent" : true
  },
  "afterStages" : [ {
    "name" : "_xunit_setup_module_fixture_app_test::0",
    "time" : {
      "start" : 1670207301056,
      "stop" : 1670207301056,
      "duration" : 0
    },
    "status" : "passed",
    "steps" : [ ],
    "attachments" : [ ],
    "parameters" : [ ],
    "attachmentsCount" : 0,
    "shouldDisplayMessage" : false,
    "stepsCount" : 0,
    "hasContent" : false
  } ],
  "labels" : [ {
    "name" : "tag",
    "value" : "run(order=6)"
  }, {
    "name" : "suite",
    "value" : "app_test"
  }, {
    "name" : "host",
    "value" : "C010700042"
  }, {
    "name" : "thread",
    "value" : "26124-MainThread"
  }, {
    "name" : "framework",
    "value" : "pytest"
  }, {
    "name" : "language",
    "value" : "cpython3"
  }, {
    "name" : "package",
    "value" : "app_test"
  }, {
    "name" : "resultFormat",
    "value" : "allure2"
  } ],
  "parameters" : [ ],
  "links" : [ ],
  "hidden" : false,
  "retry" : false,
  "extra" : {
    "severity" : "normal",
    "retries" : [ {
      "uid" : "bd93f468b0c7d6ea",
      "status" : "broken",
      "statusDetails" : "selenium.common.exceptions.NoSuchElementException: Message: An element could not be located on the page using the given search parameters.\nStacktrace:\nNoSuchElementError: An element could not be located on the page using the given search parameters.\n    at AndroidUiautomator2Driver.findElOrEls (C:\\Users\\TPP07026\\AppData\\Local\\Programs\\Appium\\resources\\app\\node_modules\\appium\\node_modules\\appium-android-driver\\lib\\commands\\find.js:75:11)",
      "time" : {
        "start" : 1670120870918,
        "stop" : 1670120870962,
        "duration" : 44
      }
    }, {
      "uid" : "3d4a9381582bead9",
      "status" : "passed",
      "time" : {
        "start" : 1670084891189,
        "stop" : 1670084905964,
        "duration" : 14775
      }
    }, {
      "uid" : "b4cafd0f98cdce2d",
      "status" : "broken",
      "statusDetails" : "selenium.common.exceptions.NoSuchElementException: Message: An element could not be located on the page using the given search parameters.\nStacktrace:\nNoSuchElementError: An element could not be located on the page using the given search parameters.\n    at AndroidUiautomator2Driver.findElOrEls (C:\\Users\\TPP07026\\AppData\\Local\\Programs\\Appium\\resources\\app\\node_modules\\appium\\node_modules\\appium-android-driver\\lib\\commands\\find.js:75:11)",
      "time" : {
        "start" : 1670034471494,
        "stop" : 1670034471537,
        "duration" : 43
      }
    }, {
      "uid" : "8d56a35e7ad97a45",
      "status" : "passed",
      "time" : {
        "start" : 1669948080779,
        "stop" : 1669948096110,
        "duration" : 15331
      }
    }, {
      "uid" : "92418c47b30316e5",
      "status" : "broken",
      "statusDetails" : "selenium.common.exceptions.NoSuchElementException: Message: An element could not be located on the page using the given search parameters.\nStacktrace:\nNoSuchElementError: An element could not be located on the page using the given search parameters.\n    at AndroidUiautomator2Driver.findElOrEls (C:\\Users\\TPP07026\\AppData\\Local\\Programs\\Appium\\resources\\app\\node_modules\\appium\\node_modules\\appium-android-driver\\lib\\commands\\find.js:75:11)",
      "time" : {
        "start" : 1669914412151,
        "stop" : 1669914412210,
        "duration" : 59
      }
    }, {
      "uid" : "2c2fda63e13cf1b0",
      "status" : "passed",
      "time" : {
        "start" : 1669861683355,
        "stop" : 1669861696688,
        "duration" : 13333
      }
    }, {
      "uid" : "d4e10a6ae2f6ba6f",
      "status" : "broken",
      "statusDetails" : "selenium.common.exceptions.NoSuchElementException: Message: An element could not be located on the page using the given search parameters.\nStacktrace:\nNoSuchElementError: An element could not be located on the page using the given search parameters.\n    at AndroidUiautomator2Driver.findElOrEls (C:\\Users\\TPP07026\\AppData\\Local\\Programs\\Appium\\resources\\app\\node_modules\\appium\\node_modules\\appium-android-driver\\lib\\commands\\find.js:75:11)",
      "time" : {
        "start" : 1669780523697,
        "stop" : 1669780532336,
        "duration" : 8639
      }
    }, {
      "uid" : "9dc3a2d02f599e41",
      "status" : "broken",
      "statusDetails" : "selenium.common.exceptions.NoSuchElementException: Message: An element could not be located on the page using the given search parameters.\nStacktrace:\nNoSuchElementError: An element could not be located on the page using the given search parameters.\n    at AndroidUiautomator2Driver.findElOrEls (C:\\Users\\TPP07026\\AppData\\Local\\Programs\\Appium\\resources\\app\\node_modules\\appium\\node_modules\\appium-android-driver\\lib\\commands\\find.js:75:11)",
      "time" : {
        "start" : 1669780395131,
        "stop" : 1669780395177,
        "duration" : 46
      }
    }, {
      "uid" : "531b038db96c2ce4",
      "status" : "passed",
      "time" : {
        "start" : 1669775281918,
        "stop" : 1669775295216,
        "duration" : 13298
      }
    }, {
      "uid" : "4b84a056f8817caa",
      "status" : "passed",
      "time" : {
        "start" : 1669713959372,
        "stop" : 1669713972738,
        "duration" : 13366
      }
    }, {
      "uid" : "b6464463cba6fef7",
      "status" : "broken",
      "statusDetails" : "selenium.common.exceptions.NoSuchElementException: Message: An element could not be located on the page using the given search parameters.\nStacktrace:\nNoSuchElementError: An element could not be located on the page using the given search parameters.\n    at AndroidUiautomator2Driver.findElOrEls (C:\\Users\\TPP07026\\AppData\\Local\\Programs\\Appium\\resources\\app\\node_modules\\appium\\node_modules\\appium-android-driver\\lib\\commands\\find.js:75:11)",
      "time" : {
        "start" : 1669713730804,
        "stop" : 1669713731175,
        "duration" : 371
      }
    }, {
      "uid" : "ddfacffe9d0bc101",
      "status" : "broken",
      "statusDetails" : "selenium.common.exceptions.NoSuchElementException: Message: An element could not be located on the page using the given search parameters.\nStacktrace:\nNoSuchElementError: An element could not be located on the page using the given search parameters.\n    at AndroidUiautomator2Driver.findElOrEls (C:\\Users\\TPP07026\\AppData\\Local\\Programs\\Appium\\resources\\app\\node_modules\\appium\\node_modules\\appium-android-driver\\lib\\commands\\find.js:75:11)",
      "time" : {
        "start" : 1669713664897,
        "stop" : 1669713665076,
        "duration" : 179
      }
    }, {
      "uid" : "6055b9238b91cfbc",
      "status" : "broken",
      "statusDetails" : "selenium.common.exceptions.NoSuchElementException: Message: An element could not be located on the page using the given search parameters.\nStacktrace:\nNoSuchElementError: An element could not be located on the page using the given search parameters.\n    at AndroidUiautomator2Driver.findElOrEls (C:\\Users\\TPP07026\\AppData\\Local\\Programs\\Appium\\resources\\app\\node_modules\\appium\\node_modules\\appium-android-driver\\lib\\commands\\find.js:75:11)",
      "time" : {
        "start" : 1669713601577,
        "stop" : 1669713601871,
        "duration" : 294
      }
    }, {
      "uid" : "7dbf3fb7e301ab2",
      "status" : "broken",
      "statusDetails" : "selenium.common.exceptions.NoSuchElementException: Message: An element could not be located on the page using the given search parameters.\nStacktrace:\nNoSuchElementError: An element could not be located on the page using the given search parameters.\n    at AndroidUiautomator2Driver.findElOrEls (C:\\Users\\TPP07026\\AppData\\Local\\Programs\\Appium\\resources\\app\\node_modules\\appium\\node_modules\\appium-android-driver\\lib\\commands\\find.js:75:11)",
      "time" : {
        "start" : 1669713352171,
        "stop" : 1669713352374,
        "duration" : 203
      }
    } ],
    "categories" : [ ],
    "history" : {
      "statistic" : {
        "failed" : 0,
        "broken" : 10,
        "skipped" : 0,
        "passed" : 6,
        "unknown" : 0,
        "total" : 16
      },
      "items" : [ {
        "uid" : "aa133965c800ccfd",
        "reportUrl" : "https://b692-60-248-103-165.jp.ngrok.io/job/SSO_Mobile_Login/15/allure/#testresult/aa133965c800ccfd",
        "status" : "broken",
        "statusDetails" : "selenium.common.exceptions.NoSuchElementException: Message: An element could not be located on the page using the given search parameters.\nStacktrace:\nNoSuchElementError: An element could not be located on the page using the given search parameters.\n    at AndroidUiautomator2Driver.findElOrEls (C:\\Users\\TPP07026\\AppData\\Local\\Programs\\Appium\\resources\\app\\node_modules\\appium\\node_modules\\appium-android-driver\\lib\\commands\\find.js:75:11)",
        "time" : {
          "start" : 1670120870918,
          "stop" : 1670120870962,
          "duration" : 44
        }
      }, {
        "uid" : "5b783eb41322f277",
        "reportUrl" : "https://b692-60-248-103-165.jp.ngrok.io/job/SSO_Mobile_Login/14/allure/#testresult/5b783eb41322f277",
        "status" : "passed",
        "time" : {
          "start" : 1670084891189,
          "stop" : 1670084905964,
          "duration" : 14775
        }
      }, {
        "uid" : "acc09586abf91b11",
        "reportUrl" : "https://b692-60-248-103-165.jp.ngrok.io/job/SSO_Mobile_Login/13/allure/#testresult/acc09586abf91b11",
        "status" : "broken",
        "statusDetails" : "selenium.common.exceptions.NoSuchElementException: Message: An element could not be located on the page using the given search parameters.\nStacktrace:\nNoSuchElementError: An element could not be located on the page using the given search parameters.\n    at AndroidUiautomator2Driver.findElOrEls (C:\\Users\\TPP07026\\AppData\\Local\\Programs\\Appium\\resources\\app\\node_modules\\appium\\node_modules\\appium-android-driver\\lib\\commands\\find.js:75:11)",
        "time" : {
          "start" : 1670034471494,
          "stop" : 1670034471537,
          "duration" : 43
        }
      }, {
        "uid" : "fae3032a2b30ace6",
        "reportUrl" : "https://b692-60-248-103-165.jp.ngrok.io/job/SSO_Mobile_Login/12/allure/#testresult/fae3032a2b30ace6",
        "status" : "passed",
        "time" : {
          "start" : 1669948080779,
          "stop" : 1669948096110,
          "duration" : 15331
        }
      }, {
        "uid" : "6b72c8c84384b7c",
        "reportUrl" : "https://b692-60-248-103-165.jp.ngrok.io/job/SSO_Mobile_Login/11/allure/#testresult/6b72c8c84384b7c",
        "status" : "broken",
        "statusDetails" : "selenium.common.exceptions.NoSuchElementException: Message: An element could not be located on the page using the given search parameters.\nStacktrace:\nNoSuchElementError: An element could not be located on the page using the given search parameters.\n    at AndroidUiautomator2Driver.findElOrEls (C:\\Users\\TPP07026\\AppData\\Local\\Programs\\Appium\\resources\\app\\node_modules\\appium\\node_modules\\appium-android-driver\\lib\\commands\\find.js:75:11)",
        "time" : {
          "start" : 1669914412151,
          "stop" : 1669914412210,
          "duration" : 59
        }
      }, {
        "uid" : "26dab634556a0c1f",
        "reportUrl" : "https://b692-60-248-103-165.jp.ngrok.io/job/SSO_Mobile_Login/10/allure/#testresult/26dab634556a0c1f",
        "status" : "passed",
        "time" : {
          "start" : 1669861683355,
          "stop" : 1669861696688,
          "duration" : 13333
        }
      }, {
        "uid" : "e7f87cdb4201da3",
        "reportUrl" : "https://b692-60-248-103-165.jp.ngrok.io/job/SSO_Mobile_Login/9/allure/#testresult/e7f87cdb4201da3",
        "status" : "broken",
        "statusDetails" : "selenium.common.exceptions.NoSuchElementException: Message: An element could not be located on the page using the given search parameters.\nStacktrace:\nNoSuchElementError: An element could not be located on the page using the given search parameters.\n    at AndroidUiautomator2Driver.findElOrEls (C:\\Users\\TPP07026\\AppData\\Local\\Programs\\Appium\\resources\\app\\node_modules\\appium\\node_modules\\appium-android-driver\\lib\\commands\\find.js:75:11)",
        "time" : {
          "start" : 1669780523697,
          "stop" : 1669780532336,
          "duration" : 8639
        }
      }, {
        "uid" : "a692244288b51288",
        "reportUrl" : "https://b692-60-248-103-165.jp.ngrok.io/job/SSO_Mobile_Login/8/allure/#testresult/a692244288b51288",
        "status" : "broken",
        "statusDetails" : "selenium.common.exceptions.NoSuchElementException: Message: An element could not be located on the page using the given search parameters.\nStacktrace:\nNoSuchElementError: An element could not be located on the page using the given search parameters.\n    at AndroidUiautomator2Driver.findElOrEls (C:\\Users\\TPP07026\\AppData\\Local\\Programs\\Appium\\resources\\app\\node_modules\\appium\\node_modules\\appium-android-driver\\lib\\commands\\find.js:75:11)",
        "time" : {
          "start" : 1669780395131,
          "stop" : 1669780395177,
          "duration" : 46
        }
      }, {
        "uid" : "d7e413f4381d88ba",
        "reportUrl" : "https://b692-60-248-103-165.jp.ngrok.io/job/SSO_Mobile_Login/7/allure/#testresult/d7e413f4381d88ba",
        "status" : "passed",
        "time" : {
          "start" : 1669775281918,
          "stop" : 1669775295216,
          "duration" : 13298
        }
      }, {
        "uid" : "760043e0b5240ca2",
        "reportUrl" : "https://b692-60-248-103-165.jp.ngrok.io/job/SSO_Mobile_Login/6/allure/#testresult/760043e0b5240ca2",
        "status" : "passed",
        "time" : {
          "start" : 1669713959372,
          "stop" : 1669713972738,
          "duration" : 13366
        }
      }, {
        "uid" : "b40158ab4648808d",
        "reportUrl" : "https://b692-60-248-103-165.jp.ngrok.io/job/SSO_Mobile_Login/5/allure/#testresult/b40158ab4648808d",
        "status" : "broken",
        "statusDetails" : "selenium.common.exceptions.NoSuchElementException: Message: An element could not be located on the page using the given search parameters.\nStacktrace:\nNoSuchElementError: An element could not be located on the page using the given search parameters.\n    at AndroidUiautomator2Driver.findElOrEls (C:\\Users\\TPP07026\\AppData\\Local\\Programs\\Appium\\resources\\app\\node_modules\\appium\\node_modules\\appium-android-driver\\lib\\commands\\find.js:75:11)",
        "time" : {
          "start" : 1669713730804,
          "stop" : 1669713731175,
          "duration" : 371
        }
      }, {
        "uid" : "7863143c7718d50d",
        "reportUrl" : "https://b692-60-248-103-165.jp.ngrok.io/job/SSO_Mobile_Login/4/allure/#testresult/7863143c7718d50d",
        "status" : "broken",
        "statusDetails" : "selenium.common.exceptions.NoSuchElementException: Message: An element could not be located on the page using the given search parameters.\nStacktrace:\nNoSuchElementError: An element could not be located on the page using the given search parameters.\n    at AndroidUiautomator2Driver.findElOrEls (C:\\Users\\TPP07026\\AppData\\Local\\Programs\\Appium\\resources\\app\\node_modules\\appium\\node_modules\\appium-android-driver\\lib\\commands\\find.js:75:11)",
        "time" : {
          "start" : 1669713664897,
          "stop" : 1669713665076,
          "duration" : 179
        }
      }, {
        "uid" : "5bbfaf9254f1f565",
        "reportUrl" : "https://b692-60-248-103-165.jp.ngrok.io/job/SSO_Mobile_Login/3/allure/#testresult/5bbfaf9254f1f565",
        "status" : "broken",
        "statusDetails" : "selenium.common.exceptions.NoSuchElementException: Message: An element could not be located on the page using the given search parameters.\nStacktrace:\nNoSuchElementError: An element could not be located on the page using the given search parameters.\n    at AndroidUiautomator2Driver.findElOrEls (C:\\Users\\TPP07026\\AppData\\Local\\Programs\\Appium\\resources\\app\\node_modules\\appium\\node_modules\\appium-android-driver\\lib\\commands\\find.js:75:11)",
        "time" : {
          "start" : 1669713601577,
          "stop" : 1669713601871,
          "duration" : 294
        }
      }, {
        "uid" : "f61fd80a25c93eda",
        "reportUrl" : "https://b692-60-248-103-165.jp.ngrok.io/job/SSO_Mobile_Login/2/allure/#testresult/f61fd80a25c93eda",
        "status" : "broken",
        "statusDetails" : "selenium.common.exceptions.NoSuchElementException: Message: An element could not be located on the page using the given search parameters.\nStacktrace:\nNoSuchElementError: An element could not be located on the page using the given search parameters.\n    at AndroidUiautomator2Driver.findElOrEls (C:\\Users\\TPP07026\\AppData\\Local\\Programs\\Appium\\resources\\app\\node_modules\\appium\\node_modules\\appium-android-driver\\lib\\commands\\find.js:75:11)",
        "time" : {
          "start" : 1669713352171,
          "stop" : 1669713352374,
          "duration" : 203
        }
      }, {
        "uid" : "892afc692ba9d5d9",
        "reportUrl" : "https://b692-60-248-103-165.jp.ngrok.io/job/SSO_Mobile_Login/1/allure/#testresult/892afc692ba9d5d9",
        "status" : "broken",
        "statusDetails" : "selenium.common.exceptions.NoSuchElementException: Message: An element could not be located on the page using the given search parameters.\nStacktrace:\nNoSuchElementError: An element could not be located on the page using the given search parameters.\n    at AndroidUiautomator2Driver.findElOrEls (C:\\Users\\TPP07026\\AppData\\Local\\Programs\\Appium\\resources\\app\\node_modules\\appium\\node_modules\\appium-android-driver\\lib\\commands\\find.js:75:11)",
        "time" : {
          "start" : 1669713352171,
          "stop" : 1669713352374,
          "duration" : 203
        }
      } ]
    },
    "tags" : [ "run(order=6)" ]
  },
  "source" : "d22f924a9c7ec4dc.json",
  "parameterValues" : [ ]
}